<?xml version="1.0" encoding="UTF-8"?>
<!-- Generated by org.testng.reporters.JUnitXMLReporter -->
<testsuite ignored="0" hostname="Ashwini" failures="1" tests="4" name="Test" time="7.01" errors="0" timestamp="2023-03-29T10:26:34 IST">
  <testcase classname="branchModule.BranchCreatedByHrHead_BaseClass" name="BranchCreatedByHrHead" time="2.002">
    <skipped/>
  </testcase> <!-- BranchCreatedByHrHead -->
  <testcase classname="branchModule.BranchCreatedByHrHead_BaseClass" name="BranchCreatedByHrHead" time="0.12">
    <skipped/>
  </testcase> <!-- BranchCreatedByHrHead -->
  <testcase classname="branchModule.BranchCreatedByHrHead_BaseClass" name="BranchCreatedByHrHead" time="0.082">
    <skipped/>
  </testcase> <!-- BranchCreatedByHrHead -->
  <testcase classname="branchModule.BranchCreatedByHrHead_BaseClass" name="BranchCreatedByHrHead" time="0.141">
    <failure type="java.lang.AssertionError" message="Login Page is not displayed and it is verified  expected [true] but found [false]">
      <![CDATA[java.lang.AssertionError: Login Page is not displayed and it is verified  expected [true] but found [false]
at branchModule.BranchCreatedByHrHead_BaseClass.BranchCreatedByHrHead(BranchCreatedByHrHead_BaseClass.java:27)
at java.base/java.util.ArrayList.forEach(ArrayList.java:1511)
at java.base/java.util.concurrent.FutureTask.run(FutureTask.java:264)
at java.base/java.util.concurrent.ThreadPoolExecutor.runWorker(ThreadPoolExecutor.java:1136)
at java.base/java.util.concurrent.ThreadPoolExecutor$Worker.run(ThreadPoolExecutor.java:635)
at java.base/java.lang.Thread.run(Thread.java:833)
... Removed 21 stack frames]]>
    </failure>
  </testcase> <!-- BranchCreatedByHrHead -->
</testsuite> <!-- Test -->
