<?xml version="1.0" encoding="UTF-8"?>
<!-- Generated by org.testng.reporters.JUnitXMLReporter -->
<testsuite ignored="2" hostname="Ashwini" failures="0" tests="2" name="Test_01" time="22.965" errors="0" timestamp="2023-03-27T17:19:21 IST">
  <testcase classname="corporateModule.CorporateCreatedByHrHead_BaseClass" name="CorporateCreatedByHrHead" time="9.192"/>
  <testcase classname="branchModule.BranchCreatedByHrHead_BaseClass" name="BranchCreatedByHrHead" time="5.83"/>
  <testcase classname="com.GenericUtilities.Baseclass" name="@BeforeSuite configBS" time="0.0">
    <ignored/>
  </testcase> <!-- @BeforeSuite configBS -->
  <testcase classname="com.GenericUtilities.Baseclass" name="@AfterSuite configAS" time="0.0">
    <ignored/>
  </testcase> <!-- @AfterSuite configAS -->
</testsuite> <!-- Test_01 -->
