<?xml version="1.0" encoding="UTF-8"?>
<!-- Generated by org.testng.reporters.JUnitXMLReporter -->
<testsuite ignored="0" hostname="Ashwini" failures="0" tests="4" name="Test1" time="0.071" errors="0" timestamp="2023-03-27T13:07:45 IST">
  <testcase classname="com.HRM.Practice.TestCase_02" name="TS_03" time="0.007"/>
  <testcase classname="com.HRM.Practice.TestCase_02" name="TS_04" time="0.001"/>
  <testcase classname="com.HRM.Practice.TestCase_01" name="TS_01" time="0.004"/>
  <testcase classname="com.HRM.Practice.TestCase_01" name="TS_02" time="0.002"/>
</testsuite> <!-- Test1 -->
