<?xml version="1.0" encoding="UTF-8"?>
<!-- Generated by org.testng.reporters.JUnitXMLReporter -->
<testsuite ignored="4" hostname="Ashwini" failures="0" tests="6" name="Test_1" time="13.376" errors="0" timestamp="2023-03-27T15:38:12 IST">
  <testcase classname="com.HRM.Practice.TestCase_02" name="TS_03" time="0.006"/>
  <testcase classname="com.HRM.Practice.TestCase_02" name="TS_04" time="0.008"/>
  <testcase classname="com.HRM.Practice.TestCase_03" name="TS_05" time="0.001"/>
  <testcase classname="com.HRM.Practice.TestCase_03" name="TS_06" time="0.0"/>
  <testcase classname="com.HRM.Practice.TestCase_01" name="TS_01" time="0.002"/>
  <testcase classname="com.HRM.Practice.TestCase_01" name="TS_02" time="0.001"/>
  <testcase classname="com.GenericUtilities.Baseclass" name="@BeforeSuite configBS" time="0.0">
    <ignored/>
  </testcase> <!-- @BeforeSuite configBS -->
  <testcase classname="com.GenericUtilities.Baseclass" name="@BeforeSuite configBS" time="0.0">
    <ignored/>
  </testcase> <!-- @BeforeSuite configBS -->
  <testcase classname="com.GenericUtilities.Baseclass" name="@AfterSuite configAS" time="0.0">
    <ignored/>
  </testcase> <!-- @AfterSuite configAS -->
  <testcase classname="com.GenericUtilities.Baseclass" name="@AfterSuite configAS" time="0.0">
    <ignored/>
  </testcase> <!-- @AfterSuite configAS -->
</testsuite> <!-- Test_1 -->
