<?xml version="1.0" encoding="UTF-8"?>
<!-- Generated by org.testng.reporters.JUnitXMLReporter -->
<testsuite ignored="2" hostname="Ashwini" failures="0" tests="4" name="GroupExc" time="0.069" errors="0" timestamp="2023-03-27T12:48:32 IST">
  <testcase classname="com.HRM.Practice.TestCase_02" name="TS_04" time="0.008"/>
  <testcase classname="com.HRM.Practice.TestCase_03" name="TS_05" time="0.001"/>
  <testcase classname="com.HRM.Practice.TestCase_01" name="TS_01" time="0.003"/>
  <testcase classname="com.HRM.Practice.TestCase_01" name="TS_02" time="0.002"/>
  <testcase classname="com.HRM.Practice.TestCase_03" name="TS_06" time="0.0">
    <ignored/>
  </testcase> <!-- TS_06 -->
  <testcase classname="com.HRM.Practice.TestCase_02" name="TS_03" time="0.0">
    <ignored/>
  </testcase> <!-- TS_03 -->
</testsuite> <!-- GroupExc -->
